<?xml version="1.0" encoding="UTF-8"?>
<testng-results skipped="0" failed="0" ignored="0" total="2" passed="2">
  <reporter-output>
    <line>
      <![CDATA[The title is matching]]>
    </line>
    <line>
      <![CDATA[The title is matching]]>
    </line>
    <line>
      <![CDATA[Element is present]]>
    </line>
  </reporter-output>
  <suite name="Suite" duration-ms="69048" started-at="2019-04-05T08:01:13Z" finished-at="2019-04-05T08:02:22Z">
    <groups>
    </groups>
    <test name="Test" duration-ms="69048" started-at="2019-04-05T08:01:13Z" finished-at="2019-04-05T08:02:22Z">
      <class name="TestScripts.InvalidLogin">
        <test-method status="PASS" signature="OpenApplication()[pri:0, instance:TestScripts.InvalidLogin@3551a94]" name="OpenApplication" is-config="true" duration-ms="8201" started-at="2019-04-05T08:02:00Z" finished-at="2019-04-05T08:02:08Z">
          <reporter-output>
          </reporter-output>
        </test-method> <!-- OpenApplication -->
        <test-method status="PASS" signature="facebookinvalidlogin()[pri:0, instance:TestScripts.InvalidLogin@3551a94]" name="facebookinvalidlogin" duration-ms="11671" started-at="2019-04-05T08:02:08Z" finished-at="2019-04-05T08:02:20Z">
          <reporter-output>
            <line>
              <![CDATA[Element is present]]>
            </line>
          </reporter-output>
        </test-method> <!-- facebookinvalidlogin -->
        <test-method status="PASS" signature="CloseApplication()[pri:0, instance:TestScripts.InvalidLogin@3551a94]" name="CloseApplication" is-config="true" duration-ms="1870" started-at="2019-04-05T08:02:20Z" finished-at="2019-04-05T08:02:22Z">
          <reporter-output>
          </reporter-output>
        </test-method> <!-- CloseApplication -->
      </class> <!-- TestScripts.InvalidLogin -->
      <class name="TestScripts.FaceBookTestLogin">
        <test-method status="PASS" signature="OpenApplication()[pri:0, instance:TestScripts.FaceBookTestLogin@5a61f5df]" name="OpenApplication" is-config="true" duration-ms="10368" started-at="2019-04-05T08:01:13Z" finished-at="2019-04-05T08:01:23Z">
          <reporter-output>
          </reporter-output>
        </test-method> <!-- OpenApplication -->
        <test-method status="PASS" signature="facebooklogin()[pri:0, instance:TestScripts.FaceBookTestLogin@5a61f5df]" name="facebooklogin" duration-ms="34392" started-at="2019-04-05T08:01:23Z" finished-at="2019-04-05T08:01:57Z">
          <reporter-output>
            <line>
              <![CDATA[The title is matching]]>
            </line>
            <line>
              <![CDATA[The title is matching]]>
            </line>
          </reporter-output>
        </test-method> <!-- facebooklogin -->
        <test-method status="PASS" signature="CloseApplication()[pri:0, instance:TestScripts.FaceBookTestLogin@5a61f5df]" name="CloseApplication" is-config="true" duration-ms="2511" started-at="2019-04-05T08:01:57Z" finished-at="2019-04-05T08:02:00Z">
          <reporter-output>
          </reporter-output>
        </test-method> <!-- CloseApplication -->
      </class> <!-- TestScripts.FaceBookTestLogin -->
    </test> <!-- Test -->
  </suite> <!-- Suite -->
</testng-results>
